# JRE version: OpenJDK Runtime Environment (7.0_79-b14) (build 1.7.0_79-b14)
# Java VM: OpenJDK 64-Bit Server VM (24.79-b02 mixed mode linux-amd64 compressed oops)
Heap
 PSYoungGen      total 201728K, used 11595K [0x00000000eaa80000, 0x00000000f7e80000, 0x0000000100000000)
  eden space 187392K, 0% used [0x00000000eaa80000,0x00000000eaa80000,0x00000000f6180000)
  from space 14336K, 80% used [0x00000000f6180000,0x00000000f6cd2c98,0x00000000f6f80000)
  to   space 13312K, 0% used [0x00000000f6f80000,0x00000000f6f80000,0x00000000f7c80000)
 ParOldGen       total 61440K, used 35988K [0x00000000c0000000, 0x00000000c3c00000, 0x00000000eaa80000)
  object space 61440K, 58% used [0x00000000c0000000,0x00000000c2325298,0x00000000c3c00000)
 PSPermGen       total 21504K, used 7345K [0x00000000b5a00000, 0x00000000b6f00000, 0x00000000c0000000)
  object space 21504K, 34% used [0x00000000b5a00000,0x00000000b612c4b8,0x00000000b6f00000)
GC Heap History (10 events):
Event: 4.977 GC heap after
Heap after GC invocations=4 (full 0):
 PSYoungGen      total 50688K, used 3552K [0x00000000eaa80000, 0x00000000edf80000, 0x0000000100000000)
  eden space 47104K, 0% used [0x00000000eaa80000,0x00000000eaa80000,0x00000000ed880000)
  from space 3584K, 99% used [0x00000000edc00000,0x00000000edf78028,0x00000000edf80000)
  to   space 3584K, 0% used [0x00000000ed880000,0x00000000ed880000,0x00000000edc00000)
 ParOldGen       total 61440K, used 19604K [0x00000000c0000000, 0x00000000c3c00000, 0x00000000eaa80000)
  object space 61440K, 31% used [0x00000000c0000000,0x00000000c13253d0,0x00000000c3c00000)
 PSPermGen       total 21504K, used 7159K [0x00000000b5a00000, 0x00000000b6f00000, 0x00000000c0000000)
  object space 21504K, 33% used [0x00000000b5a00000,0x00000000b60fdf30,0x00000000b6f00000)
}
Event: 5.383 GC heap before
{Heap before GC invocations=5 (full 0):
 PSYoungGen      total 50688K, used 50656K [0x00000000eaa80000, 0x00000000edf80000, 0x0000000100000000)
  eden space 47104K, 100% used [0x00000000eaa80000,0x00000000ed880000,0x00000000ed880000)
  from space 3584K, 99% used [0x00000000edc00000,0x00000000edf78028,0x00000000edf80000)
  to   space 3584K, 0% used [0x00000000ed880000,0x00000000ed880000,0x00000000edc00000)
 ParOldGen       total 61440K, used 19604K [0x00000000c0000000, 0x00000000c3c00000, 0x00000000eaa80000)
  object space 61440K, 31% used [0x00000000c0000000,0x00000000c13253d0,0x00000000c3c00000)
 PSPermGen       total 21504K, used 7222K [0x00000000b5a00000, 0x00000000b6f00000, 0x00000000c0000000)
  object space 21504K, 33% used [0x00000000b5a00000,0x00000000b610da80,0x00000000b6f00000)
Event: 5.391 GC heap after
Heap after GC invocations=5 (full 0):
 PSYoungGen      total 50688K, used 3573K [0x00000000eaa80000, 0x00000000f2180000, 0x0000000100000000)
  eden space 47104K, 0% used [0x00000000eaa80000,0x00000000eaa80000,0x00000000ed880000)
  from space 3584K, 99% used [0x00000000ed880000,0x00000000edbfd5e0,0x00000000edc00000)
  to   space 13824K, 0% used [0x00000000f1400000,0x00000000f1400000,0x00000000f2180000)
 ParOldGen       total 61440K, used 26158K [0x00000000c0000000, 0x00000000c3c00000, 0x00000000eaa80000)
  object space 61440K, 42% used [0x00000000c0000000,0x00000000c198bbd0,0x00000000c3c00000)
 PSPermGen       total 21504K, used 7222K [0x00000000b5a00000, 0x00000000b6f00000, 0x00000000c0000000)
  object space 21504K, 33% used [0x00000000b5a00000,0x00000000b610da80,0x00000000b6f00000)
}
Event: 5.667 GC heap before
{Heap before GC invocations=6 (full 0):
 PSYoungGen      total 50688K, used 49784K [0x00000000eaa80000, 0x00000000f2180000, 0x0000000100000000)
  eden space 47104K, 98% used [0x00000000eaa80000,0x00000000ed7a0be0,0x00000000ed880000)
  from space 3584K, 99% used [0x00000000ed880000,0x00000000edbfd5e0,0x00000000edc00000)
  to   space 13824K, 0% used [0x00000000f1400000,0x00000000f1400000,0x00000000f2180000)
 ParOldGen       total 61440K, used 26158K [0x00000000c0000000, 0x00000000c3c00000, 0x00000000eaa80000)
  object space 61440K, 42% used [0x00000000c0000000,0x00000000c198bbd0,0x00000000c3c00000)
 PSPermGen       total 21504K, used 7326K [0x00000000b5a00000, 0x00000000b6f00000, 0x00000000c0000000)
  object space 21504K, 34% used [0x00000000b5a00000,0x00000000b6127bc8,0x00000000b6f00000)
Event: 5.676 GC heap after
Heap after GC invocations=6 (full 0):
 PSYoungGen      total 107008K, used 7097K [0x00000000eaa80000, 0x00000000f2080000, 0x0000000100000000)
  eden space 94208K, 0% used [0x00000000eaa80000,0x00000000eaa80000,0x00000000f0680000)
  from space 12800K, 55% used [0x00000000f1400000,0x00000000f1aee5f0,0x00000000f2080000)
  to   space 13312K, 0% used [0x00000000f0680000,0x00000000f0680000,0x00000000f1380000)
 ParOldGen       total 61440K, used 26158K [0x00000000c0000000, 0x00000000c3c00000, 0x00000000eaa80000)
  object space 61440K, 42% used [0x00000000c0000000,0x00000000c198bbd0,0x00000000c3c00000)
 PSPermGen       total 21504K, used 7326K [0x00000000b5a00000, 0x00000000b6f00000, 0x00000000c0000000)
  object space 21504K, 34% used [0x00000000b5a00000,0x00000000b6127bc8,0x00000000b6f00000)
}
Event: 6.109 GC heap before
{Heap before GC invocations=7 (full 0):
 PSYoungGen      total 107008K, used 100971K [0x00000000eaa80000, 0x00000000f2080000, 0x0000000100000000)
  eden space 94208K, 99% used [0x00000000eaa80000,0x00000000f062c850,0x00000000f0680000)
  from space 12800K, 55% used [0x00000000f1400000,0x00000000f1aee5f0,0x00000000f2080000)
  to   space 13312K, 0% used [0x00000000f0680000,0x00000000f0680000,0x00000000f1380000)
 ParOldGen       total 61440K, used 26158K [0x00000000c0000000, 0x00000000c3c00000, 0x00000000eaa80000)
  object space 61440K, 42% used [0x00000000c0000000,0x00000000c198bbd0,0x00000000c3c00000)
 PSPermGen       total 21504K, used 7335K [0x00000000b5a00000, 0x00000000b6f00000, 0x00000000c0000000)
  object space 21504K, 34% used [0x00000000b5a00000,0x00000000b6129e38,0x00000000b6f00000)
Event: 6.119 GC heap after
Heap after GC invocations=7 (full 0):
 PSYoungGen      total 107520K, used 6310K [0x00000000eaa80000, 0x00000000f7c80000, 0x0000000100000000)
  eden space 94208K, 0% used [0x00000000eaa80000,0x00000000eaa80000,0x00000000f0680000)
  from space 13312K, 47% used [0x00000000f0680000,0x00000000f0ca9a88,0x00000000f1380000)
  to   space 13312K, 0% used [0x00000000f6f80000,0x00000000f6f80000,0x00000000f7c80000)
 ParOldGen       total 61440K, used 28282K [0x00000000c0000000, 0x00000000c3c00000, 0x00000000eaa80000)
  object space 61440K, 46% used [0x00000000c0000000,0x00000000c1b9ea78,0x00000000c3c00000)
 PSPermGen       total 21504K, used 7335K [0x00000000b5a00000, 0x00000000b6f00000, 0x00000000c0000000)
  object space 21504K, 34% used [0x00000000b5a00000,0x00000000b6129e38,0x00000000b6f00000)
}
Event: 6.321 GC heap before
{Heap before GC invocations=8 (full 0):
 PSYoungGen      total 107520K, used 100518K [0x00000000eaa80000, 0x00000000f7c80000, 0x0000000100000000)
  eden space 94208K, 100% used [0x00000000eaa80000,0x00000000f0680000,0x00000000f0680000)
  from space 13312K, 47% used [0x00000000f0680000,0x00000000f0ca9a88,0x00000000f1380000)
  to   space 13312K, 0% used [0x00000000f6f80000,0x00000000f6f80000,0x00000000f7c80000)
 ParOldGen       total 61440K, used 28282K [0x00000000c0000000, 0x00000000c3c00000, 0x00000000eaa80000)
  object space 61440K, 46% used [0x00000000c0000000,0x00000000c1b9ea78,0x00000000c3c00000)
 PSPermGen       total 21504K, used 7343K [0x00000000b5a00000, 0x00000000b6f00000, 0x00000000c0000000)
  object space 21504K, 34% used [0x00000000b5a00000,0x00000000b612bcf0,0x00000000b6f00000)
Event: 6.328 GC heap after
Heap after GC invocations=8 (full 0):
 PSYoungGen      total 200704K, used 12323K [0x00000000eaa80000, 0x00000000f7e80000, 0x0000000100000000)
  eden space 187392K, 0% used [0x00000000eaa80000,0x00000000eaa80000,0x00000000f6180000)
  from space 13312K, 92% used [0x00000000f6f80000,0x00000000f7b88dd0,0x00000000f7c80000)
  to   space 14336K, 0% used [0x00000000f6180000,0x00000000f6180000,0x00000000f6f80000)
 ParOldGen       total 61440K, used 30170K [0x00000000c0000000, 0x00000000c3c00000, 0x00000000eaa80000)
  object space 61440K, 49% used [0x00000000c0000000,0x00000000c1d76860,0x00000000c3c00000)
 PSPermGen       total 21504K, used 7343K [0x00000000b5a00000, 0x00000000b6f00000, 0x00000000c0000000)
  object space 21504K, 34% used [0x00000000b5a00000,0x00000000b612bcf0,0x00000000b6f00000)
}
Event: 6.834 GC heap before
{Heap before GC invocations=9 (full 0):
 PSYoungGen      total 200704K, used 199715K [0x00000000eaa80000, 0x00000000f7e80000, 0x0000000100000000)
  eden space 187392K, 100% used [0x00000000eaa80000,0x00000000f6180000,0x00000000f6180000)
  from space 13312K, 92% used [0x00000000f6f80000,0x00000000f7b88dd0,0x00000000f7c80000)
  to   space 14336K, 0% used [0x00000000f6180000,0x00000000f6180000,0x00000000f6f80000)
 ParOldGen       total 61440K, used 30170K [0x00000000c0000000, 0x00000000c3c00000, 0x00000000eaa80000)
  object space 61440K, 49% used [0x00000000c0000000,0x00000000c1d76860,0x00000000c3c00000)
 PSPermGen       total 21504K, used 7345K [0x00000000b5a00000, 0x00000000b6f00000, 0x00000000c0000000)
  object space 21504K, 34% used [0x00000000b5a00000,0x00000000b612c4b8,0x00000000b6f00000)

