# JRE version: OpenJDK Runtime Environment (7.0_79-b14) (build 1.7.0_79-b14)
# Java VM: OpenJDK 64-Bit Server VM (24.79-b02 mixed mode linux-amd64 compressed oops)
Heap
 PSYoungGen      total 199680K, used 11243K [0x00000000eaa80000, 0x00000000f7880000, 0x0000000100000000)
  eden space 188416K, 0% used [0x00000000eaa80000,0x00000000eaa80000,0x00000000f6280000)
  from space 11264K, 99% used [0x00000000f6280000,0x00000000f6d7ac98,0x00000000f6d80000)
  to   space 11264K, 0% used [0x00000000f6d80000,0x00000000f6d80000,0x00000000f7880000)
 ParOldGen       total 61440K, used 38247K [0x00000000c0000000, 0x00000000c3c00000, 0x00000000eaa80000)
  object space 61440K, 62% used [0x00000000c0000000,0x00000000c2559fc0,0x00000000c3c00000)
 PSPermGen       total 21504K, used 7350K [0x00000000b5a00000, 0x00000000b6f00000, 0x00000000c0000000)
  object space 21504K, 34% used [0x00000000b5a00000,0x00000000b612d830,0x00000000b6f00000)
GC Heap History (10 events):
Event: 4.543 GC heap after
Heap after GC invocations=4 (full 0):
 PSYoungGen      total 50688K, used 3557K [0x00000000eaa80000, 0x00000000edf80000, 0x0000000100000000)
  eden space 47104K, 0% used [0x00000000eaa80000,0x00000000eaa80000,0x00000000ed880000)
  from space 3584K, 99% used [0x00000000edc00000,0x00000000edf795c0,0x00000000edf80000)
  to   space 3584K, 0% used [0x00000000ed880000,0x00000000ed880000,0x00000000edc00000)
 ParOldGen       total 61440K, used 16427K [0x00000000c0000000, 0x00000000c3c00000, 0x00000000eaa80000)
  object space 61440K, 26% used [0x00000000c0000000,0x00000000c100ae08,0x00000000c3c00000)
 PSPermGen       total 21504K, used 7164K [0x00000000b5a00000, 0x00000000b6f00000, 0x00000000c0000000)
  object space 21504K, 33% used [0x00000000b5a00000,0x00000000b60ff208,0x00000000b6f00000)
}
Event: 4.994 GC heap before
{Heap before GC invocations=5 (full 0):
 PSYoungGen      total 50688K, used 50661K [0x00000000eaa80000, 0x00000000edf80000, 0x0000000100000000)
  eden space 47104K, 100% used [0x00000000eaa80000,0x00000000ed880000,0x00000000ed880000)
  from space 3584K, 99% used [0x00000000edc00000,0x00000000edf795c0,0x00000000edf80000)
  to   space 3584K, 0% used [0x00000000ed880000,0x00000000ed880000,0x00000000edc00000)
 ParOldGen       total 61440K, used 16427K [0x00000000c0000000, 0x00000000c3c00000, 0x00000000eaa80000)
  object space 61440K, 26% used [0x00000000c0000000,0x00000000c100ae08,0x00000000c3c00000)
 PSPermGen       total 21504K, used 7227K [0x00000000b5a00000, 0x00000000b6f00000, 0x00000000c0000000)
  object space 21504K, 33% used [0x00000000b5a00000,0x00000000b610ec40,0x00000000b6f00000)
Event: 5.008 GC heap after
Heap after GC invocations=5 (full 0):
 PSYoungGen      total 50688K, used 3573K [0x00000000eaa80000, 0x00000000f1d80000, 0x0000000100000000)
  eden space 47104K, 0% used [0x00000000eaa80000,0x00000000eaa80000,0x00000000ed880000)
  from space 3584K, 99% used [0x00000000ed880000,0x00000000edbfd5d0,0x00000000edc00000)
  to   space 11776K, 0% used [0x00000000f1200000,0x00000000f1200000,0x00000000f1d80000)
 ParOldGen       total 61440K, used 23052K [0x00000000c0000000, 0x00000000c3c00000, 0x00000000eaa80000)
  object space 61440K, 37% used [0x00000000c0000000,0x00000000c16831e0,0x00000000c3c00000)
 PSPermGen       total 21504K, used 7227K [0x00000000b5a00000, 0x00000000b6f00000, 0x00000000c0000000)
  object space 21504K, 33% used [0x00000000b5a00000,0x00000000b610ec40,0x00000000b6f00000)
}
Event: 5.282 GC heap before
{Heap before GC invocations=6 (full 0):
 PSYoungGen      total 50688K, used 49361K [0x00000000eaa80000, 0x00000000f1d80000, 0x0000000100000000)
  eden space 47104K, 97% used [0x00000000eaa80000,0x00000000ed737020,0x00000000ed880000)
  from space 3584K, 99% used [0x00000000ed880000,0x00000000edbfd5d0,0x00000000edc00000)
  to   space 11776K, 0% used [0x00000000f1200000,0x00000000f1200000,0x00000000f1d80000)
 ParOldGen       total 61440K, used 23052K [0x00000000c0000000, 0x00000000c3c00000, 0x00000000eaa80000)
  object space 61440K, 37% used [0x00000000c0000000,0x00000000c16831e0,0x00000000c3c00000)
 PSPermGen       total 21504K, used 7331K [0x00000000b5a00000, 0x00000000b6f00000, 0x00000000c0000000)
  object space 21504K, 34% used [0x00000000b5a00000,0x00000000b6128e30,0x00000000b6f00000)
Event: 5.307 GC heap after
Heap after GC invocations=6 (full 0):
 PSYoungGen      total 105984K, used 7049K [0x00000000eaa80000, 0x00000000f1d80000, 0x0000000100000000)
  eden space 94208K, 0% used [0x00000000eaa80000,0x00000000eaa80000,0x00000000f0680000)
  from space 11776K, 59% used [0x00000000f1200000,0x00000000f18e25f0,0x00000000f1d80000)
  to   space 11776K, 0% used [0x00000000f0680000,0x00000000f0680000,0x00000000f1200000)
 ParOldGen       total 61440K, used 23052K [0x00000000c0000000, 0x00000000c3c00000, 0x00000000eaa80000)
  object space 61440K, 37% used [0x00000000c0000000,0x00000000c16831e0,0x00000000c3c00000)
 PSPermGen       total 21504K, used 7331K [0x00000000b5a00000, 0x00000000b6f00000, 0x00000000c0000000)
  object space 21504K, 34% used [0x00000000b5a00000,0x00000000b6128e30,0x00000000b6f00000)
}
Event: 5.662 GC heap before
{Heap before GC invocations=7 (full 0):
 PSYoungGen      total 105984K, used 99175K [0x00000000eaa80000, 0x00000000f1d80000, 0x0000000100000000)
  eden space 94208K, 97% used [0x00000000eaa80000,0x00000000f04776f8,0x00000000f0680000)
  from space 11776K, 59% used [0x00000000f1200000,0x00000000f18e25f0,0x00000000f1d80000)
  to   space 11776K, 0% used [0x00000000f0680000,0x00000000f0680000,0x00000000f1200000)
 ParOldGen       total 61440K, used 23052K [0x00000000c0000000, 0x00000000c3c00000, 0x00000000eaa80000)
  object space 61440K, 37% used [0x00000000c0000000,0x00000000c16831e0,0x00000000c3c00000)
 PSPermGen       total 21504K, used 7340K [0x00000000b5a00000, 0x00000000b6f00000, 0x00000000c0000000)
  object space 21504K, 34% used [0x00000000b5a00000,0x00000000b612b1b0,0x00000000b6f00000)
Event: 5.675 GC heap after
Heap after GC invocations=7 (full 0):
 PSYoungGen      total 105984K, used 7721K [0x00000000eaa80000, 0x00000000f7880000, 0x0000000100000000)
  eden space 94208K, 0% used [0x00000000eaa80000,0x00000000eaa80000,0x00000000f0680000)
  from space 11776K, 65% used [0x00000000f0680000,0x00000000f0e0a4f0,0x00000000f1200000)
  to   space 11264K, 0% used [0x00000000f6d80000,0x00000000f6d80000,0x00000000f7880000)
 ParOldGen       total 61440K, used 25322K [0x00000000c0000000, 0x00000000c3c00000, 0x00000000eaa80000)
  object space 61440K, 41% used [0x00000000c0000000,0x00000000c18bab88,0x00000000c3c00000)
 PSPermGen       total 21504K, used 7340K [0x00000000b5a00000, 0x00000000b6f00000, 0x00000000c0000000)
  object space 21504K, 34% used [0x00000000b5a00000,0x00000000b612b1b0,0x00000000b6f00000)
}
Event: 5.853 GC heap before
{Heap before GC invocations=8 (full 0):
 PSYoungGen      total 105984K, used 101929K [0x00000000eaa80000, 0x00000000f7880000, 0x0000000100000000)
  eden space 94208K, 100% used [0x00000000eaa80000,0x00000000f0680000,0x00000000f0680000)
  from space 11776K, 65% used [0x00000000f0680000,0x00000000f0e0a4f0,0x00000000f1200000)
  to   space 11264K, 0% used [0x00000000f6d80000,0x00000000f6d80000,0x00000000f7880000)
 ParOldGen       total 61440K, used 25322K [0x00000000c0000000, 0x00000000c3c00000, 0x00000000eaa80000)
  object space 61440K, 41% used [0x00000000c0000000,0x00000000c18bab88,0x00000000c3c00000)
 PSPermGen       total 21504K, used 7348K [0x00000000b5a00000, 0x00000000b6f00000, 0x00000000c0000000)
  object space 21504K, 34% used [0x00000000b5a00000,0x00000000b612d068,0x00000000b6f00000)
Event: 5.860 GC heap after
Heap after GC invocations=8 (full 0):
 PSYoungGen      total 199680K, used 6348K [0x00000000eaa80000, 0x00000000f7880000, 0x0000000100000000)
  eden space 188416K, 0% used [0x00000000eaa80000,0x00000000eaa80000,0x00000000f6280000)
  from space 11264K, 56% used [0x00000000f6d80000,0x00000000f73b31f8,0x00000000f7880000)
  to   space 11264K, 0% used [0x00000000f6280000,0x00000000f6280000,0x00000000f6d80000)
 ParOldGen       total 61440K, used 26562K [0x00000000c0000000, 0x00000000c3c00000, 0x00000000eaa80000)
  object space 61440K, 43% used [0x00000000c0000000,0x00000000c19f0b50,0x00000000c3c00000)
 PSPermGen       total 21504K, used 7348K [0x00000000b5a00000, 0x00000000b6f00000, 0x00000000c0000000)
  object space 21504K, 34% used [0x00000000b5a00000,0x00000000b612d068,0x00000000b6f00000)
}
Event: 6.416 GC heap before
{Heap before GC invocations=9 (full 0):
 PSYoungGen      total 199680K, used 194764K [0x00000000eaa80000, 0x00000000f7880000, 0x0000000100000000)
  eden space 188416K, 100% used [0x00000000eaa80000,0x00000000f6280000,0x00000000f6280000)
  from space 11264K, 56% used [0x00000000f6d80000,0x00000000f73b31f8,0x00000000f7880000)
  to   space 11264K, 0% used [0x00000000f6280000,0x00000000f6280000,0x00000000f6d80000)
 ParOldGen       total 61440K, used 26562K [0x00000000c0000000, 0x00000000c3c00000, 0x00000000eaa80000)
  object space 61440K, 43% used [0x00000000c0000000,0x00000000c19f0b50,0x00000000c3c00000)
 PSPermGen       total 21504K, used 7350K [0x00000000b5a00000, 0x00000000b6f00000, 0x00000000c0000000)
  object space 21504K, 34% used [0x00000000b5a00000,0x00000000b612d830,0x00000000b6f00000)

