# JRE version: OpenJDK Runtime Environment (7.0_79-b14) (build 1.7.0_79-b14)
# Java VM: OpenJDK 64-Bit Server VM (24.79-b02 mixed mode linux-amd64 compressed oops)
Heap
 PSYoungGen      total 200704K, used 11627K [0x00000000eaa80000, 0x00000000f7e80000, 0x0000000100000000)
  eden space 186368K, 0% used [0x00000000eaa80000,0x00000000eaa80000,0x00000000f6080000)
  from space 14336K, 81% used [0x00000000f6080000,0x00000000f6bdac98,0x00000000f6e80000)
  to   space 12288K, 0% used [0x00000000f6e80000,0x00000000f6e80000,0x00000000f7a80000)
 ParOldGen       total 61440K, used 39422K [0x00000000c0000000, 0x00000000c3c00000, 0x00000000eaa80000)
  object space 61440K, 64% used [0x00000000c0000000,0x00000000c267faf0,0x00000000c3c00000)
 PSPermGen       total 21504K, used 7350K [0x00000000b5a00000, 0x00000000b6f00000, 0x00000000c0000000)
  object space 21504K, 34% used [0x00000000b5a00000,0x00000000b612d998,0x00000000b6f00000)
GC Heap History (10 events):
Event: 3.911 GC heap after
Heap after GC invocations=4 (full 0):
 PSYoungGen      total 50688K, used 3557K [0x00000000eaa80000, 0x00000000edf80000, 0x0000000100000000)
  eden space 47104K, 0% used [0x00000000eaa80000,0x00000000eaa80000,0x00000000ed880000)
  from space 3584K, 99% used [0x00000000edc00000,0x00000000edf795d0,0x00000000edf80000)
  to   space 3584K, 0% used [0x00000000ed880000,0x00000000ed880000,0x00000000edc00000)
 ParOldGen       total 61440K, used 20526K [0x00000000c0000000, 0x00000000c3c00000, 0x00000000eaa80000)
  object space 61440K, 33% used [0x00000000c0000000,0x00000000c140b840,0x00000000c3c00000)
 PSPermGen       total 21504K, used 7165K [0x00000000b5a00000, 0x00000000b6f00000, 0x00000000c0000000)
  object space 21504K, 33% used [0x00000000b5a00000,0x00000000b60ff450,0x00000000b6f00000)
}
Event: 4.416 GC heap before
{Heap before GC invocations=5 (full 0):
 PSYoungGen      total 50688K, used 50661K [0x00000000eaa80000, 0x00000000edf80000, 0x0000000100000000)
  eden space 47104K, 100% used [0x00000000eaa80000,0x00000000ed880000,0x00000000ed880000)
  from space 3584K, 99% used [0x00000000edc00000,0x00000000edf795d0,0x00000000edf80000)
  to   space 3584K, 0% used [0x00000000ed880000,0x00000000ed880000,0x00000000edc00000)
 ParOldGen       total 61440K, used 20526K [0x00000000c0000000, 0x00000000c3c00000, 0x00000000eaa80000)
  object space 61440K, 33% used [0x00000000c0000000,0x00000000c140b840,0x00000000c3c00000)
 PSPermGen       total 21504K, used 7227K [0x00000000b5a00000, 0x00000000b6f00000, 0x00000000c0000000)
  object space 21504K, 33% used [0x00000000b5a00000,0x00000000b610eda8,0x00000000b6f00000)
Event: 4.720 GC heap after
Heap after GC invocations=5 (full 0):
 PSYoungGen      total 50688K, used 3564K [0x00000000eaa80000, 0x00000000f2080000, 0x0000000100000000)
  eden space 47104K, 0% used [0x00000000eaa80000,0x00000000eaa80000,0x00000000ed880000)
  from space 3584K, 99% used [0x00000000ed880000,0x00000000edbfb050,0x00000000edc00000)
  to   space 13312K, 0% used [0x00000000f1380000,0x00000000f1380000,0x00000000f2080000)
 ParOldGen       total 61440K, used 24784K [0x00000000c0000000, 0x00000000c3c00000, 0x00000000eaa80000)
  object space 61440K, 40% used [0x00000000c0000000,0x00000000c18343b0,0x00000000c3c00000)
 PSPermGen       total 21504K, used 7227K [0x00000000b5a00000, 0x00000000b6f00000, 0x00000000c0000000)
  object space 21504K, 33% used [0x00000000b5a00000,0x00000000b610eda8,0x00000000b6f00000)
}
Event: 5.241 GC heap before
{Heap before GC invocations=6 (full 0):
 PSYoungGen      total 50688K, used 49821K [0x00000000eaa80000, 0x00000000f2080000, 0x0000000100000000)
  eden space 47104K, 98% used [0x00000000eaa80000,0x00000000ed7ac790,0x00000000ed880000)
  from space 3584K, 99% used [0x00000000ed880000,0x00000000edbfb050,0x00000000edc00000)
  to   space 13312K, 0% used [0x00000000f1380000,0x00000000f1380000,0x00000000f2080000)
 ParOldGen       total 61440K, used 24784K [0x00000000c0000000, 0x00000000c3c00000, 0x00000000eaa80000)
  object space 61440K, 40% used [0x00000000c0000000,0x00000000c18343b0,0x00000000c3c00000)
 PSPermGen       total 21504K, used 7331K [0x00000000b5a00000, 0x00000000b6f00000, 0x00000000c0000000)
  object space 21504K, 34% used [0x00000000b5a00000,0x00000000b6128f98,0x00000000b6f00000)
Event: 5.257 GC heap after
Heap after GC invocations=6 (full 0):
 PSYoungGen      total 106496K, used 6715K [0x00000000eaa80000, 0x00000000f1f80000, 0x0000000100000000)
  eden space 94208K, 0% used [0x00000000eaa80000,0x00000000eaa80000,0x00000000f0680000)
  from space 12288K, 54% used [0x00000000f1380000,0x00000000f1a0efe8,0x00000000f1f80000)
  to   space 12800K, 0% used [0x00000000f0680000,0x00000000f0680000,0x00000000f1300000)
 ParOldGen       total 61440K, used 24784K [0x00000000c0000000, 0x00000000c3c00000, 0x00000000eaa80000)
  object space 61440K, 40% used [0x00000000c0000000,0x00000000c18343b0,0x00000000c3c00000)
 PSPermGen       total 21504K, used 7331K [0x00000000b5a00000, 0x00000000b6f00000, 0x00000000c0000000)
  object space 21504K, 34% used [0x00000000b5a00000,0x00000000b6128f98,0x00000000b6f00000)
}
Event: 5.561 GC heap before
{Heap before GC invocations=7 (full 0):
 PSYoungGen      total 106496K, used 98559K [0x00000000eaa80000, 0x00000000f1f80000, 0x0000000100000000)
  eden space 94208K, 97% used [0x00000000eaa80000,0x00000000f0430f80,0x00000000f0680000)
  from space 12288K, 54% used [0x00000000f1380000,0x00000000f1a0efe8,0x00000000f1f80000)
  to   space 12800K, 0% used [0x00000000f0680000,0x00000000f0680000,0x00000000f1300000)
 ParOldGen       total 61440K, used 24784K [0x00000000c0000000, 0x00000000c3c00000, 0x00000000eaa80000)
  object space 61440K, 40% used [0x00000000c0000000,0x00000000c18343b0,0x00000000c3c00000)
 PSPermGen       total 21504K, used 7340K [0x00000000b5a00000, 0x00000000b6f00000, 0x00000000c0000000)
  object space 21504K, 34% used [0x00000000b5a00000,0x00000000b612b318,0x00000000b6f00000)
Event: 5.569 GC heap after
Heap after GC invocations=7 (full 0):
 PSYoungGen      total 107008K, used 7745K [0x00000000eaa80000, 0x00000000f7a80000, 0x0000000100000000)
  eden space 94208K, 0% used [0x00000000eaa80000,0x00000000eaa80000,0x00000000f0680000)
  from space 12800K, 60% used [0x00000000f0680000,0x00000000f0e10490,0x00000000f1300000)
  to   space 12288K, 0% used [0x00000000f6e80000,0x00000000f6e80000,0x00000000f7a80000)
 ParOldGen       total 61440K, used 26799K [0x00000000c0000000, 0x00000000c3c00000, 0x00000000eaa80000)
  object space 61440K, 43% used [0x00000000c0000000,0x00000000c1a2bdb8,0x00000000c3c00000)
 PSPermGen       total 21504K, used 7340K [0x00000000b5a00000, 0x00000000b6f00000, 0x00000000c0000000)
  object space 21504K, 34% used [0x00000000b5a00000,0x00000000b612b318,0x00000000b6f00000)
}
Event: 5.788 GC heap before
{Heap before GC invocations=8 (full 0):
 PSYoungGen      total 107008K, used 101953K [0x00000000eaa80000, 0x00000000f7a80000, 0x0000000100000000)
  eden space 94208K, 100% used [0x00000000eaa80000,0x00000000f0680000,0x00000000f0680000)
  from space 12800K, 60% used [0x00000000f0680000,0x00000000f0e10490,0x00000000f1300000)
  to   space 12288K, 0% used [0x00000000f6e80000,0x00000000f6e80000,0x00000000f7a80000)
 ParOldGen       total 61440K, used 26799K [0x00000000c0000000, 0x00000000c3c00000, 0x00000000eaa80000)
  object space 61440K, 43% used [0x00000000c0000000,0x00000000c1a2bdb8,0x00000000c3c00000)
 PSPermGen       total 21504K, used 7348K [0x00000000b5a00000, 0x00000000b6f00000, 0x00000000c0000000)
  object space 21504K, 34% used [0x00000000b5a00000,0x00000000b612d1d0,0x00000000b6f00000)
Event: 5.796 GC heap after
Heap after GC invocations=8 (full 0):
 PSYoungGen      total 198656K, used 12278K [0x00000000eaa80000, 0x00000000f7e80000, 0x0000000100000000)
  eden space 186368K, 0% used [0x00000000eaa80000,0x00000000eaa80000,0x00000000f6080000)
  from space 12288K, 99% used [0x00000000f6e80000,0x00000000f7a7d9a8,0x00000000f7a80000)
  to   space 14336K, 0% used [0x00000000f6080000,0x00000000f6080000,0x00000000f6e80000)
 ParOldGen       total 61440K, used 27797K [0x00000000c0000000, 0x00000000c3c00000, 0x00000000eaa80000)
  object space 61440K, 45% used [0x00000000c0000000,0x00000000c1b25578,0x00000000c3c00000)
 PSPermGen       total 21504K, used 7348K [0x00000000b5a00000, 0x00000000b6f00000, 0x00000000c0000000)
  object space 21504K, 34% used [0x00000000b5a00000,0x00000000b612d1d0,0x00000000b6f00000)
}
Event: 6.271 GC heap before
{Heap before GC invocations=9 (full 0):
 PSYoungGen      total 198656K, used 198646K [0x00000000eaa80000, 0x00000000f7e80000, 0x0000000100000000)
  eden space 186368K, 100% used [0x00000000eaa80000,0x00000000f6080000,0x00000000f6080000)
  from space 12288K, 99% used [0x00000000f6e80000,0x00000000f7a7d9a8,0x00000000f7a80000)
  to   space 14336K, 0% used [0x00000000f6080000,0x00000000f6080000,0x00000000f6e80000)
 ParOldGen       total 61440K, used 27797K [0x00000000c0000000, 0x00000000c3c00000, 0x00000000eaa80000)
  object space 61440K, 45% used [0x00000000c0000000,0x00000000c1b25578,0x00000000c3c00000)
 PSPermGen       total 21504K, used 7350K [0x00000000b5a00000, 0x00000000b6f00000, 0x00000000c0000000)
  object space 21504K, 34% used [0x00000000b5a00000,0x00000000b612d998,0x00000000b6f00000)

