# JRE version: OpenJDK Runtime Environment (7.0_75-b13) (build 1.7.0_75-b13)
# Java VM: OpenJDK 64-Bit Server VM (24.75-b04 mixed mode linux-amd64 compressed oops)
Heap
 PSYoungGen      total 105984K, used 12782K [0x00000000eaa80000, 0x00000000f1f80000, 0x0000000100000000)
  eden space 93184K, 0% used [0x00000000eaa80000,0x00000000eaa80000,0x00000000f0580000)
  from space 12800K, 99% used [0x00000000f0580000,0x00000000f11fb920,0x00000000f1200000)
  to   space 11776K, 0% used [0x00000000f1200000,0x00000000f1200000,0x00000000f1d80000)
 ParOldGen       total 61440K, used 33360K [0x00000000c0000000, 0x00000000c3c00000, 0x00000000eaa80000)
  object space 61440K, 54% used [0x00000000c0000000,0x00000000c2094368,0x00000000c3c00000)
 PSPermGen       total 21504K, used 5979K [0x00000000b5a00000, 0x00000000b6f00000, 0x00000000c0000000)
  object space 21504K, 27% used [0x00000000b5a00000,0x00000000b5fd6c30,0x00000000b6f00000)
GC Heap History (10 events):
Event: 5.556 GC heap after
Heap after GC invocations=2 (full 0):
 PSYoungGen      total 27136K, used 3583K [0x00000000eaa80000, 0x00000000ec880000, 0x0000000100000000)
  eden space 23552K, 0% used [0x00000000eaa80000,0x00000000eaa80000,0x00000000ec180000)
  from space 3584K, 99% used [0x00000000ec500000,0x00000000ec87fe28,0x00000000ec880000)
  to   space 3584K, 0% used [0x00000000ec180000,0x00000000ec180000,0x00000000ec500000)
 ParOldGen       total 61440K, used 4587K [0x00000000c0000000, 0x00000000c3c00000, 0x00000000eaa80000)
  object space 61440K, 7% used [0x00000000c0000000,0x00000000c047acf8,0x00000000c3c00000)
 PSPermGen       total 21504K, used 5790K [0x00000000b5a00000, 0x00000000b6f00000, 0x00000000c0000000)
  object space 21504K, 26% used [0x00000000b5a00000,0x00000000b5fa7aa0,0x00000000b6f00000)
}
Event: 7.571 GC heap before
{Heap before GC invocations=3 (full 0):
 PSYoungGen      total 27136K, used 27135K [0x00000000eaa80000, 0x00000000ec880000, 0x0000000100000000)
  eden space 23552K, 100% used [0x00000000eaa80000,0x00000000ec180000,0x00000000ec180000)
  from space 3584K, 99% used [0x00000000ec500000,0x00000000ec87fe28,0x00000000ec880000)
  to   space 3584K, 0% used [0x00000000ec180000,0x00000000ec180000,0x00000000ec500000)
 ParOldGen       total 61440K, used 4587K [0x00000000c0000000, 0x00000000c3c00000, 0x00000000eaa80000)
  object space 61440K, 7% used [0x00000000c0000000,0x00000000c047acf8,0x00000000c3c00000)
 PSPermGen       total 21504K, used 5827K [0x00000000b5a00000, 0x00000000b6f00000, 0x00000000c0000000)
  object space 21504K, 27% used [0x00000000b5a00000,0x00000000b5fb0ed0,0x00000000b6f00000)
Event: 7.608 GC heap after
Heap after GC invocations=3 (full 0):
 PSYoungGen      total 27136K, used 3583K [0x00000000eaa80000, 0x00000000edf80000, 0x0000000100000000)
  eden space 23552K, 0% used [0x00000000eaa80000,0x00000000eaa80000,0x00000000ec180000)
  from space 3584K, 99% used [0x00000000ec180000,0x00000000ec4ffe28,0x00000000ec500000)
  to   space 3584K, 0% used [0x00000000edc00000,0x00000000edc00000,0x00000000edf80000)
 ParOldGen       total 61440K, used 7684K [0x00000000c0000000, 0x00000000c3c00000, 0x00000000eaa80000)
  object space 61440K, 12% used [0x00000000c0000000,0x00000000c07812e8,0x00000000c3c00000)
 PSPermGen       total 21504K, used 5827K [0x00000000b5a00000, 0x00000000b6f00000, 0x00000000c0000000)
  object space 21504K, 27% used [0x00000000b5a00000,0x00000000b5fb0ed0,0x00000000b6f00000)
}
Event: 9.357 GC heap before
{Heap before GC invocations=4 (full 0):
 PSYoungGen      total 27136K, used 27135K [0x00000000eaa80000, 0x00000000edf80000, 0x0000000100000000)
  eden space 23552K, 100% used [0x00000000eaa80000,0x00000000ec180000,0x00000000ec180000)
  from space 3584K, 99% used [0x00000000ec180000,0x00000000ec4ffe28,0x00000000ec500000)
  to   space 3584K, 0% used [0x00000000edc00000,0x00000000edc00000,0x00000000edf80000)
 ParOldGen       total 61440K, used 7684K [0x00000000c0000000, 0x00000000c3c00000, 0x00000000eaa80000)
  object space 61440K, 12% used [0x00000000c0000000,0x00000000c07812e8,0x00000000c3c00000)
 PSPermGen       total 21504K, used 5859K [0x00000000b5a00000, 0x00000000b6f00000, 0x00000000c0000000)
  object space 21504K, 27% used [0x00000000b5a00000,0x00000000b5fb8cf8,0x00000000b6f00000)
Event: 9.392 GC heap after
Heap after GC invocations=4 (full 0):
 PSYoungGen      total 50688K, used 3555K [0x00000000eaa80000, 0x00000000edf80000, 0x0000000100000000)
  eden space 47104K, 0% used [0x00000000eaa80000,0x00000000eaa80000,0x00000000ed880000)
  from space 3584K, 99% used [0x00000000edc00000,0x00000000edf78f00,0x00000000edf80000)
  to   space 3584K, 0% used [0x00000000ed880000,0x00000000ed880000,0x00000000edc00000)
 ParOldGen       total 61440K, used 11548K [0x00000000c0000000, 0x00000000c3c00000, 0x00000000eaa80000)
  object space 61440K, 18% used [0x00000000c0000000,0x00000000c0b473a8,0x00000000c3c00000)
 PSPermGen       total 21504K, used 5859K [0x00000000b5a00000, 0x00000000b6f00000, 0x00000000c0000000)
  object space 21504K, 27% used [0x00000000b5a00000,0x00000000b5fb8cf8,0x00000000b6f00000)
}
Event: 11.102 GC heap before
{Heap before GC invocations=5 (full 0):
 PSYoungGen      total 50688K, used 50659K [0x00000000eaa80000, 0x00000000edf80000, 0x0000000100000000)
  eden space 47104K, 100% used [0x00000000eaa80000,0x00000000ed880000,0x00000000ed880000)
  from space 3584K, 99% used [0x00000000edc00000,0x00000000edf78f00,0x00000000edf80000)
  to   space 3584K, 0% used [0x00000000ed880000,0x00000000ed880000,0x00000000edc00000)
 ParOldGen       total 61440K, used 11548K [0x00000000c0000000, 0x00000000c3c00000, 0x00000000eaa80000)
  object space 61440K, 18% used [0x00000000c0000000,0x00000000c0b473a8,0x00000000c3c00000)
 PSPermGen       total 21504K, used 5893K [0x00000000b5a00000, 0x00000000b6f00000, 0x00000000c0000000)
  object space 21504K, 27% used [0x00000000b5a00000,0x00000000b5fc14c8,0x00000000b6f00000)
Event: 11.185 GC heap after
Heap after GC invocations=5 (full 0):
 PSYoungGen      total 50688K, used 3555K [0x00000000eaa80000, 0x00000000f1d80000, 0x0000000100000000)
  eden space 47104K, 0% used [0x00000000eaa80000,0x00000000eaa80000,0x00000000ed880000)
  from space 3584K, 99% used [0x00000000ed880000,0x00000000edbf8f00,0x00000000edc00000)
  to   space 11776K, 0% used [0x00000000f1200000,0x00000000f1200000,0x00000000f1d80000)
 ParOldGen       total 61440K, used 19615K [0x00000000c0000000, 0x00000000c3c00000, 0x00000000eaa80000)
  object space 61440K, 31% used [0x00000000c0000000,0x00000000c1327ca8,0x00000000c3c00000)
 PSPermGen       total 21504K, used 5893K [0x00000000b5a00000, 0x00000000b6f00000, 0x00000000c0000000)
  object space 21504K, 27% used [0x00000000b5a00000,0x00000000b5fc14c8,0x00000000b6f00000)
}
Event: 11.992 GC heap before
{Heap before GC invocations=6 (full 0):
 PSYoungGen      total 50688K, used 50659K [0x00000000eaa80000, 0x00000000f1d80000, 0x0000000100000000)
  eden space 47104K, 100% used [0x00000000eaa80000,0x00000000ed880000,0x00000000ed880000)
  from space 3584K, 99% used [0x00000000ed880000,0x00000000edbf8f00,0x00000000edc00000)
  to   space 11776K, 0% used [0x00000000f1200000,0x00000000f1200000,0x00000000f1d80000)
 ParOldGen       total 61440K, used 19615K [0x00000000c0000000, 0x00000000c3c00000, 0x00000000eaa80000)
  object space 61440K, 31% used [0x00000000c0000000,0x00000000c1327ca8,0x00000000c3c00000)
 PSPermGen       total 21504K, used 5925K [0x00000000b5a00000, 0x00000000b6f00000, 0x00000000c0000000)
  object space 21504K, 27% used [0x00000000b5a00000,0x00000000b5fc9768,0x00000000b6f00000)
Event: 12.053 GC heap after
Heap after GC invocations=6 (full 0):
 PSYoungGen      total 104960K, used 11155K [0x00000000eaa80000, 0x00000000f1f80000, 0x0000000100000000)
  eden space 93184K, 0% used [0x00000000eaa80000,0x00000000eaa80000,0x00000000f0580000)
  from space 11776K, 94% used [0x00000000f1200000,0x00000000f1ce4f00,0x00000000f1d80000)
  to   space 12800K, 0% used [0x00000000f0580000,0x00000000f0580000,0x00000000f1200000)
 ParOldGen       total 61440K, used 19615K [0x00000000c0000000, 0x00000000c3c00000, 0x00000000eaa80000)
  object space 61440K, 31% used [0x00000000c0000000,0x00000000c1327ca8,0x00000000c3c00000)
 PSPermGen       total 21504K, used 5925K [0x00000000b5a00000, 0x00000000b6f00000, 0x00000000c0000000)
  object space 21504K, 27% used [0x00000000b5a00000,0x00000000b5fc9768,0x00000000b6f00000)
}
Event: 13.937 GC heap before
{Heap before GC invocations=7 (full 0):
 PSYoungGen      total 104960K, used 104339K [0x00000000eaa80000, 0x00000000f1f80000, 0x0000000100000000)
  eden space 93184K, 100% used [0x00000000eaa80000,0x00000000f0580000,0x00000000f0580000)
  from space 11776K, 94% used [0x00000000f1200000,0x00000000f1ce4f00,0x00000000f1d80000)
  to   space 12800K, 0% used [0x00000000f0580000,0x00000000f0580000,0x00000000f1200000)
 ParOldGen       total 61440K, used 19615K [0x00000000c0000000, 0x00000000c3c00000, 0x00000000eaa80000)
  object space 61440K, 31% used [0x00000000c0000000,0x00000000c1327ca8,0x00000000c3c00000)
 PSPermGen       total 21504K, used 5979K [0x00000000b5a00000, 0x00000000b6f00000, 0x00000000c0000000)
  object space 21504K, 27% used [0x00000000b5a00000,0x00000000b5fd6c30,0x00000000b6f00000)

