# JRE version: OpenJDK Runtime Environment (7.0_75-b13) (build 1.7.0_75-b13)
# Java VM: OpenJDK 64-Bit Server VM (24.75-b04 mixed mode linux-amd64 compressed oops)
Heap
 PSYoungGen      total 187392K, used 50162K [0x00000000eaa80000, 0x00000000f9280000, 0x0000000100000000)
  eden space 137216K, 0% used [0x00000000eaa80000,0x00000000eaa80000,0x00000000f3080000)
  from space 50176K, 99% used [0x00000000f3080000,0x00000000f617cb58,0x00000000f6180000)
  to   space 38400K, 0% used [0x00000000f6280000,0x00000000f6280000,0x00000000f8800000)
 ParOldGen       total 138752K, used 100001K [0x00000000c0000000, 0x00000000c8780000, 0x00000000eaa80000)
  object space 138752K, 72% used [0x00000000c0000000,0x00000000c61a8440,0x00000000c8780000)
 PSPermGen       total 21504K, used 5790K [0x00000000b5a00000, 0x00000000b6f00000, 0x00000000c0000000)
  object space 21504K, 26% used [0x00000000b5a00000,0x00000000b5fa7878,0x00000000b6f00000)
GC Heap History (10 events):
Event: 9.998 GC heap after
Heap after GC invocations=4 (full 0):
 PSYoungGen      total 97792K, used 3563K [0x00000000eaa80000, 0x00000000f0d80000, 0x0000000100000000)
  eden space 94208K, 0% used [0x00000000eaa80000,0x00000000eaa80000,0x00000000f0680000)
  from space 3584K, 99% used [0x00000000f0a00000,0x00000000f0d7ac08,0x00000000f0d80000)
  to   space 3584K, 0% used [0x00000000f0680000,0x00000000f0680000,0x00000000f0a00000)
 ParOldGen       total 61440K, used 54169K [0x00000000c0000000, 0x00000000c3c00000, 0x00000000eaa80000)
  object space 61440K, 88% used [0x00000000c0000000,0x00000000c34e65c0,0x00000000c3c00000)
 PSPermGen       total 21504K, used 5755K [0x00000000b5a00000, 0x00000000b6f00000, 0x00000000c0000000)
  object space 21504K, 26% used [0x00000000b5a00000,0x00000000b5f9eed0,0x00000000b6f00000)
}
Event: 9.998 GC heap before
{Heap before GC invocations=5 (full 1):
 PSYoungGen      total 97792K, used 3563K [0x00000000eaa80000, 0x00000000f0d80000, 0x0000000100000000)
  eden space 94208K, 0% used [0x00000000eaa80000,0x00000000eaa80000,0x00000000f0680000)
  from space 3584K, 99% used [0x00000000f0a00000,0x00000000f0d7ac08,0x00000000f0d80000)
  to   space 3584K, 0% used [0x00000000f0680000,0x00000000f0680000,0x00000000f0a00000)
 ParOldGen       total 61440K, used 54169K [0x00000000c0000000, 0x00000000c3c00000, 0x00000000eaa80000)
  object space 61440K, 88% used [0x00000000c0000000,0x00000000c34e65c0,0x00000000c3c00000)
 PSPermGen       total 21504K, used 5755K [0x00000000b5a00000, 0x00000000b6f00000, 0x00000000c0000000)
  object space 21504K, 26% used [0x00000000b5a00000,0x00000000b5f9eed0,0x00000000b6f00000)
Event: 10.297 GC heap after
Heap after GC invocations=5 (full 1):
 PSYoungGen      total 97792K, used 0K [0x00000000eaa80000, 0x00000000f0d80000, 0x0000000100000000)
  eden space 94208K, 0% used [0x00000000eaa80000,0x00000000eaa80000,0x00000000f0680000)
  from space 3584K, 0% used [0x00000000f0a00000,0x00000000f0a00000,0x00000000f0d80000)
  to   space 3584K, 0% used [0x00000000f0680000,0x00000000f0680000,0x00000000f0a00000)
 ParOldGen       total 62464K, used 13222K [0x00000000c0000000, 0x00000000c3d00000, 0x00000000eaa80000)
  object space 62464K, 21% used [0x00000000c0000000,0x00000000c0ce9bf0,0x00000000c3d00000)
 PSPermGen       total 21504K, used 5753K [0x00000000b5a00000, 0x00000000b6f00000, 0x00000000c0000000)
  object space 21504K, 26% used [0x00000000b5a00000,0x00000000b5f9e6a8,0x00000000b6f00000)
}
Event: 13.413 GC heap before
{Heap before GC invocations=6 (full 1):
 PSYoungGen      total 97792K, used 94208K [0x00000000eaa80000, 0x00000000f0d80000, 0x0000000100000000)
  eden space 94208K, 100% used [0x00000000eaa80000,0x00000000f0680000,0x00000000f0680000)
  from space 3584K, 0% used [0x00000000f0a00000,0x00000000f0a00000,0x00000000f0d80000)
  to   space 3584K, 0% used [0x00000000f0680000,0x00000000f0680000,0x00000000f0a00000)
 ParOldGen       total 62464K, used 13222K [0x00000000c0000000, 0x00000000c3d00000, 0x00000000eaa80000)
  object space 62464K, 21% used [0x00000000c0000000,0x00000000c0ce9bf0,0x00000000c3d00000)
 PSPermGen       total 21504K, used 5756K [0x00000000b5a00000, 0x00000000b6f00000, 0x00000000c0000000)
  object space 21504K, 26% used [0x00000000b5a00000,0x00000000b5f9f2e0,0x00000000b6f00000)
Event: 13.464 GC heap after
Heap after GC invocations=6 (full 1):
 PSYoungGen      total 97792K, used 3556K [0x00000000eaa80000, 0x00000000f8800000, 0x0000000100000000)
  eden space 94208K, 0% used [0x00000000eaa80000,0x00000000eaa80000,0x00000000f0680000)
  from space 3584K, 99% used [0x00000000f0680000,0x00000000f09f9260,0x00000000f0a00000)
  to   space 38400K, 0% used [0x00000000f6280000,0x00000000f6280000,0x00000000f8800000)
 ParOldGen       total 62464K, used 53470K [0x00000000c0000000, 0x00000000c3d00000, 0x00000000eaa80000)
  object space 62464K, 85% used [0x00000000c0000000,0x00000000c3437bb8,0x00000000c3d00000)
 PSPermGen       total 21504K, used 5756K [0x00000000b5a00000, 0x00000000b6f00000, 0x00000000c0000000)
  object space 21504K, 26% used [0x00000000b5a00000,0x00000000b5f9f2e0,0x00000000b6f00000)
}
Event: 13.464 GC heap before
{Heap before GC invocations=7 (full 2):
 PSYoungGen      total 97792K, used 3556K [0x00000000eaa80000, 0x00000000f8800000, 0x0000000100000000)
  eden space 94208K, 0% used [0x00000000eaa80000,0x00000000eaa80000,0x00000000f0680000)
  from space 3584K, 99% used [0x00000000f0680000,0x00000000f09f9260,0x00000000f0a00000)
  to   space 38400K, 0% used [0x00000000f6280000,0x00000000f6280000,0x00000000f8800000)
 ParOldGen       total 62464K, used 53470K [0x00000000c0000000, 0x00000000c3d00000, 0x00000000eaa80000)
  object space 62464K, 85% used [0x00000000c0000000,0x00000000c3437bb8,0x00000000c3d00000)
 PSPermGen       total 21504K, used 5756K [0x00000000b5a00000, 0x00000000b6f00000, 0x00000000c0000000)
  object space 21504K, 26% used [0x00000000b5a00000,0x00000000b5f9f2e0,0x00000000b6f00000)
Event: 13.799 GC heap after
Heap after GC invocations=7 (full 2):
 PSYoungGen      total 97792K, used 0K [0x00000000eaa80000, 0x00000000f8800000, 0x0000000100000000)
  eden space 94208K, 0% used [0x00000000eaa80000,0x00000000eaa80000,0x00000000f0680000)
  from space 3584K, 0% used [0x00000000f0680000,0x00000000f0680000,0x00000000f0a00000)
  to   space 38400K, 0% used [0x00000000f6280000,0x00000000f6280000,0x00000000f8800000)
 ParOldGen       total 138752K, used 52549K [0x00000000c0000000, 0x00000000c8780000, 0x00000000eaa80000)
  object space 138752K, 37% used [0x00000000c0000000,0x00000000c3351488,0x00000000c8780000)
 PSPermGen       total 21504K, used 5756K [0x00000000b5a00000, 0x00000000b6f00000, 0x00000000c0000000)
  object space 21504K, 26% used [0x00000000b5a00000,0x00000000b5f9f260,0x00000000b6f00000)
}
Event: 15.228 GC heap before
{Heap before GC invocations=8 (full 2):
 PSYoungGen      total 97792K, used 94208K [0x00000000eaa80000, 0x00000000f8800000, 0x0000000100000000)
  eden space 94208K, 100% used [0x00000000eaa80000,0x00000000f0680000,0x00000000f0680000)
  from space 3584K, 0% used [0x00000000f0680000,0x00000000f0680000,0x00000000f0a00000)
  to   space 38400K, 0% used [0x00000000f6280000,0x00000000f6280000,0x00000000f8800000)
 ParOldGen       total 138752K, used 52549K [0x00000000c0000000, 0x00000000c8780000, 0x00000000eaa80000)
  object space 138752K, 37% used [0x00000000c0000000,0x00000000c3351488,0x00000000c8780000)
 PSPermGen       total 21504K, used 5770K [0x00000000b5a00000, 0x00000000b6f00000, 0x00000000c0000000)
  object space 21504K, 26% used [0x00000000b5a00000,0x00000000b5fa2aa0,0x00000000b6f00000)
Event: 15.381 GC heap after
Heap after GC invocations=8 (full 2):
 PSYoungGen      total 175616K, used 38375K [0x00000000eaa80000, 0x00000000f9280000, 0x0000000100000000)
  eden space 137216K, 0% used [0x00000000eaa80000,0x00000000eaa80000,0x00000000f3080000)
  from space 38400K, 99% used [0x00000000f6280000,0x00000000f87f9ec8,0x00000000f8800000)
  to   space 50176K, 0% used [0x00000000f3080000,0x00000000f3080000,0x00000000f6180000)
 ParOldGen       total 138752K, used 62501K [0x00000000c0000000, 0x00000000c8780000, 0x00000000eaa80000)
  object space 138752K, 45% used [0x00000000c0000000,0x00000000c3d09488,0x00000000c8780000)
 PSPermGen       total 21504K, used 5770K [0x00000000b5a00000, 0x00000000b6f00000, 0x00000000c0000000)
  object space 21504K, 26% used [0x00000000b5a00000,0x00000000b5fa2aa0,0x00000000b6f00000)
}
Event: 17.208 GC heap before
{Heap before GC invocations=9 (full 2):
 PSYoungGen      total 175616K, used 175591K [0x00000000eaa80000, 0x00000000f9280000, 0x0000000100000000)
  eden space 137216K, 100% used [0x00000000eaa80000,0x00000000f3080000,0x00000000f3080000)
  from space 38400K, 99% used [0x00000000f6280000,0x00000000f87f9ec8,0x00000000f8800000)
  to   space 50176K, 0% used [0x00000000f3080000,0x00000000f3080000,0x00000000f6180000)
 ParOldGen       total 138752K, used 62501K [0x00000000c0000000, 0x00000000c8780000, 0x00000000eaa80000)
  object space 138752K, 45% used [0x00000000c0000000,0x00000000c3d09488,0x00000000c8780000)
 PSPermGen       total 21504K, used 5790K [0x00000000b5a00000, 0x00000000b6f00000, 0x00000000c0000000)
  object space 21504K, 26% used [0x00000000b5a00000,0x00000000b5fa7878,0x00000000b6f00000)

