# JRE version: OpenJDK Runtime Environment (7.0_79-b14) (build 1.7.0_79-b14)
# Java VM: OpenJDK 64-Bit Server VM (24.79-b02 mixed mode linux-amd64 compressed oops)
Heap
 PSYoungGen      total 105984K, used 11388K [0x00000000eaa80000, 0x00000000f1d80000, 0x0000000100000000)
  eden space 94208K, 0% used [0x00000000eaa80000,0x00000000eaa80000,0x00000000f0680000)
  from space 11776K, 96% used [0x00000000f0680000,0x00000000f119f2a0,0x00000000f1200000)
  to   space 11776K, 0% used [0x00000000f1200000,0x00000000f1200000,0x00000000f1d80000)
 ParOldGen       total 61440K, used 25940K [0x00000000c0000000, 0x00000000c3c00000, 0x00000000eaa80000)
  object space 61440K, 42% used [0x00000000c0000000,0x00000000c1955158,0x00000000c3c00000)
 PSPermGen       total 21504K, used 7345K [0x00000000b5a00000, 0x00000000b6f00000, 0x00000000c0000000)
  object space 21504K, 34% used [0x00000000b5a00000,0x00000000b612c668,0x00000000b6f00000)
GC Heap History (10 events):
Event: 3.325 GC heap after
Heap after GC invocations=2 (full 0):
 PSYoungGen      total 27136K, used 3552K [0x00000000eaa80000, 0x00000000ec880000, 0x0000000100000000)
  eden space 23552K, 0% used [0x00000000eaa80000,0x00000000eaa80000,0x00000000ec180000)
  from space 3584K, 99% used [0x00000000ec500000,0x00000000ec878048,0x00000000ec880000)
  to   space 3584K, 0% used [0x00000000ec180000,0x00000000ec180000,0x00000000ec500000)
 ParOldGen       total 61440K, used 6191K [0x00000000c0000000, 0x00000000c3c00000, 0x00000000eaa80000)
  object space 61440K, 10% used [0x00000000c0000000,0x00000000c060bf20,0x00000000c3c00000)
 PSPermGen       total 21504K, used 5335K [0x00000000b5a00000, 0x00000000b6f00000, 0x00000000c0000000)
  object space 21504K, 24% used [0x00000000b5a00000,0x00000000b5f35d68,0x00000000b6f00000)
}
Event: 4.201 GC heap before
{Heap before GC invocations=3 (full 0):
 PSYoungGen      total 27136K, used 26497K [0x00000000eaa80000, 0x00000000ec880000, 0x0000000100000000)
  eden space 23552K, 97% used [0x00000000eaa80000,0x00000000ec0e8608,0x00000000ec180000)
  from space 3584K, 99% used [0x00000000ec500000,0x00000000ec878048,0x00000000ec880000)
  to   space 3584K, 0% used [0x00000000ec180000,0x00000000ec180000,0x00000000ec500000)
 ParOldGen       total 61440K, used 6191K [0x00000000c0000000, 0x00000000c3c00000, 0x00000000eaa80000)
  object space 61440K, 10% used [0x00000000c0000000,0x00000000c060bf20,0x00000000c3c00000)
 PSPermGen       total 21504K, used 5783K [0x00000000b5a00000, 0x00000000b6f00000, 0x00000000c0000000)
  object space 21504K, 26% used [0x00000000b5a00000,0x00000000b5fa5d38,0x00000000b6f00000)
Event: 4.220 GC heap after
Heap after GC invocations=3 (full 0):
 PSYoungGen      total 27136K, used 3573K [0x00000000eaa80000, 0x00000000edf80000, 0x0000000100000000)
  eden space 23552K, 0% used [0x00000000eaa80000,0x00000000eaa80000,0x00000000ec180000)
  from space 3584K, 99% used [0x00000000ec180000,0x00000000ec4fd5c0,0x00000000ec500000)
  to   space 3584K, 0% used [0x00000000edc00000,0x00000000edc00000,0x00000000edf80000)
 ParOldGen       total 61440K, used 12828K [0x00000000c0000000, 0x00000000c3c00000, 0x00000000eaa80000)
  object space 61440K, 20% used [0x00000000c0000000,0x00000000c0c87198,0x00000000c3c00000)
 PSPermGen       total 21504K, used 5783K [0x00000000b5a00000, 0x00000000b6f00000, 0x00000000c0000000)
  object space 21504K, 26% used [0x00000000b5a00000,0x00000000b5fa5d38,0x00000000b6f00000)
}
Event: 5.502 GC heap before
{Heap before GC invocations=4 (full 0):
 PSYoungGen      total 27136K, used 27125K [0x00000000eaa80000, 0x00000000edf80000, 0x0000000100000000)
  eden space 23552K, 100% used [0x00000000eaa80000,0x00000000ec180000,0x00000000ec180000)
  from space 3584K, 99% used [0x00000000ec180000,0x00000000ec4fd5c0,0x00000000ec500000)
  to   space 3584K, 0% used [0x00000000edc00000,0x00000000edc00000,0x00000000edf80000)
 ParOldGen       total 61440K, used 12828K [0x00000000c0000000, 0x00000000c3c00000, 0x00000000eaa80000)
  object space 61440K, 20% used [0x00000000c0000000,0x00000000c0c87198,0x00000000c3c00000)
 PSPermGen       total 21504K, used 7168K [0x00000000b5a00000, 0x00000000b6f00000, 0x00000000c0000000)
  object space 21504K, 33% used [0x00000000b5a00000,0x00000000b6100280,0x00000000b6f00000)
Event: 5.515 GC heap after
Heap after GC invocations=4 (full 0):
 PSYoungGen      total 50688K, used 3573K [0x00000000eaa80000, 0x00000000edf80000, 0x0000000100000000)
  eden space 47104K, 0% used [0x00000000eaa80000,0x00000000eaa80000,0x00000000ed880000)
  from space 3584K, 99% used [0x00000000edc00000,0x00000000edf7d5d8,0x00000000edf80000)
  to   space 3584K, 0% used [0x00000000ed880000,0x00000000ed880000,0x00000000edc00000)
 ParOldGen       total 61440K, used 17908K [0x00000000c0000000, 0x00000000c3c00000, 0x00000000eaa80000)
  object space 61440K, 29% used [0x00000000c0000000,0x00000000c117d1e0,0x00000000c3c00000)
 PSPermGen       total 21504K, used 7168K [0x00000000b5a00000, 0x00000000b6f00000, 0x00000000c0000000)
  object space 21504K, 33% used [0x00000000b5a00000,0x00000000b6100280,0x00000000b6f00000)
}
Event: 5.932 GC heap before
{Heap before GC invocations=5 (full 0):
 PSYoungGen      total 50688K, used 50677K [0x00000000eaa80000, 0x00000000edf80000, 0x0000000100000000)
  eden space 47104K, 100% used [0x00000000eaa80000,0x00000000ed880000,0x00000000ed880000)
  from space 3584K, 99% used [0x00000000edc00000,0x00000000edf7d5d8,0x00000000edf80000)
  to   space 3584K, 0% used [0x00000000ed880000,0x00000000ed880000,0x00000000edc00000)
 ParOldGen       total 61440K, used 17908K [0x00000000c0000000, 0x00000000c3c00000, 0x00000000eaa80000)
  object space 61440K, 29% used [0x00000000c0000000,0x00000000c117d1e0,0x00000000c3c00000)
 PSPermGen       total 21504K, used 7228K [0x00000000b5a00000, 0x00000000b6f00000, 0x00000000c0000000)
  object space 21504K, 33% used [0x00000000b5a00000,0x00000000b610f368,0x00000000b6f00000)
Event: 5.944 GC heap after
Heap after GC invocations=5 (full 0):
 PSYoungGen      total 50688K, used 3573K [0x00000000eaa80000, 0x00000000f1d80000, 0x0000000100000000)
  eden space 47104K, 0% used [0x00000000eaa80000,0x00000000eaa80000,0x00000000ed880000)
  from space 3584K, 99% used [0x00000000ed880000,0x00000000edbfd5d8,0x00000000edc00000)
  to   space 11776K, 0% used [0x00000000f1200000,0x00000000f1200000,0x00000000f1d80000)
 ParOldGen       total 61440K, used 23677K [0x00000000c0000000, 0x00000000c3c00000, 0x00000000eaa80000)
  object space 61440K, 38% used [0x00000000c0000000,0x00000000c171f5b0,0x00000000c3c00000)
 PSPermGen       total 21504K, used 7228K [0x00000000b5a00000, 0x00000000b6f00000, 0x00000000c0000000)
  object space 21504K, 33% used [0x00000000b5a00000,0x00000000b610f368,0x00000000b6f00000)
}
Event: 6.182 GC heap before
{Heap before GC invocations=6 (full 0):
 PSYoungGen      total 50688K, used 50677K [0x00000000eaa80000, 0x00000000f1d80000, 0x0000000100000000)
  eden space 47104K, 100% used [0x00000000eaa80000,0x00000000ed880000,0x00000000ed880000)
  from space 3584K, 99% used [0x00000000ed880000,0x00000000edbfd5d8,0x00000000edc00000)
  to   space 11776K, 0% used [0x00000000f1200000,0x00000000f1200000,0x00000000f1d80000)
 ParOldGen       total 61440K, used 23677K [0x00000000c0000000, 0x00000000c3c00000, 0x00000000eaa80000)
  object space 61440K, 38% used [0x00000000c0000000,0x00000000c171f5b0,0x00000000c3c00000)
 PSPermGen       total 21504K, used 7336K [0x00000000b5a00000, 0x00000000b6f00000, 0x00000000c0000000)
  object space 21504K, 34% used [0x00000000b5a00000,0x00000000b612a018,0x00000000b6f00000)
Event: 6.198 GC heap after
Heap after GC invocations=6 (full 0):
 PSYoungGen      total 105984K, used 9129K [0x00000000eaa80000, 0x00000000f1d80000, 0x0000000100000000)
  eden space 94208K, 0% used [0x00000000eaa80000,0x00000000eaa80000,0x00000000f0680000)
  from space 11776K, 77% used [0x00000000f1200000,0x00000000f1aea488,0x00000000f1d80000)
  to   space 11776K, 0% used [0x00000000f0680000,0x00000000f0680000,0x00000000f1200000)
 ParOldGen       total 61440K, used 23677K [0x00000000c0000000, 0x00000000c3c00000, 0x00000000eaa80000)
  object space 61440K, 38% used [0x00000000c0000000,0x00000000c171f5b0,0x00000000c3c00000)
 PSPermGen       total 21504K, used 7336K [0x00000000b5a00000, 0x00000000b6f00000, 0x00000000c0000000)
  object space 21504K, 34% used [0x00000000b5a00000,0x00000000b612a018,0x00000000b6f00000)
}
Event: 6.567 GC heap before
{Heap before GC invocations=7 (full 0):
 PSYoungGen      total 105984K, used 103337K [0x00000000eaa80000, 0x00000000f1d80000, 0x0000000100000000)
  eden space 94208K, 100% used [0x00000000eaa80000,0x00000000f0680000,0x00000000f0680000)
  from space 11776K, 77% used [0x00000000f1200000,0x00000000f1aea488,0x00000000f1d80000)
  to   space 11776K, 0% used [0x00000000f0680000,0x00000000f0680000,0x00000000f1200000)
 ParOldGen       total 61440K, used 23677K [0x00000000c0000000, 0x00000000c3c00000, 0x00000000eaa80000)
  object space 61440K, 38% used [0x00000000c0000000,0x00000000c171f5b0,0x00000000c3c00000)
 PSPermGen       total 21504K, used 7345K [0x00000000b5a00000, 0x00000000b6f00000, 0x00000000c0000000)
  object space 21504K, 34% used [0x00000000b5a00000,0x00000000b612c668,0x00000000b6f00000)

