# JRE version: OpenJDK Runtime Environment (7.0_79-b14) (build 1.7.0_79-b14)
# Java VM: OpenJDK 64-Bit Server VM (24.79-b02 mixed mode linux-amd64 compressed oops)
Heap
 PSYoungGen      total 201216K, used 11627K [0x00000000eaa80000, 0x00000000f7d80000, 0x0000000100000000)
  eden space 187392K, 0% used [0x00000000eaa80000,0x00000000eaa80000,0x00000000f6180000)
  from space 13824K, 84% used [0x00000000f6180000,0x00000000f6cdac98,0x00000000f6f00000)
  to   space 12800K, 0% used [0x00000000f6f00000,0x00000000f6f00000,0x00000000f7b80000)
 ParOldGen       total 61440K, used 39485K [0x00000000c0000000, 0x00000000c3c00000, 0x00000000eaa80000)
  object space 61440K, 64% used [0x00000000c0000000,0x00000000c268f520,0x00000000c3c00000)
 PSPermGen       total 21504K, used 7349K [0x00000000b5a00000, 0x00000000b6f00000, 0x00000000c0000000)
  object space 21504K, 34% used [0x00000000b5a00000,0x00000000b612d5f0,0x00000000b6f00000)
GC Heap History (10 events):
Event: 4.085 GC heap after
Heap after GC invocations=4 (full 0):
 PSYoungGen      total 50688K, used 3573K [0x00000000eaa80000, 0x00000000edf80000, 0x0000000100000000)
  eden space 47104K, 0% used [0x00000000eaa80000,0x00000000eaa80000,0x00000000ed880000)
  from space 3584K, 99% used [0x00000000edc00000,0x00000000edf7d5b0,0x00000000edf80000)
  to   space 3584K, 0% used [0x00000000ed880000,0x00000000ed880000,0x00000000edc00000)
 ParOldGen       total 61440K, used 17911K [0x00000000c0000000, 0x00000000c3c00000, 0x00000000eaa80000)
  object space 61440K, 29% used [0x00000000c0000000,0x00000000c117de58,0x00000000c3c00000)
 PSPermGen       total 21504K, used 7164K [0x00000000b5a00000, 0x00000000b6f00000, 0x00000000c0000000)
  object space 21504K, 33% used [0x00000000b5a00000,0x00000000b60ff048,0x00000000b6f00000)
}
Event: 4.442 GC heap before
{Heap before GC invocations=5 (full 0):
 PSYoungGen      total 50688K, used 50677K [0x00000000eaa80000, 0x00000000edf80000, 0x0000000100000000)
  eden space 47104K, 100% used [0x00000000eaa80000,0x00000000ed880000,0x00000000ed880000)
  from space 3584K, 99% used [0x00000000edc00000,0x00000000edf7d5b0,0x00000000edf80000)
  to   space 3584K, 0% used [0x00000000ed880000,0x00000000ed880000,0x00000000edc00000)
 ParOldGen       total 61440K, used 17911K [0x00000000c0000000, 0x00000000c3c00000, 0x00000000eaa80000)
  object space 61440K, 29% used [0x00000000c0000000,0x00000000c117de58,0x00000000c3c00000)
 PSPermGen       total 21504K, used 7226K [0x00000000b5a00000, 0x00000000b6f00000, 0x00000000c0000000)
  object space 21504K, 33% used [0x00000000b5a00000,0x00000000b610ea00,0x00000000b6f00000)
Event: 4.461 GC heap after
Heap after GC invocations=5 (full 0):
 PSYoungGen      total 50688K, used 3573K [0x00000000eaa80000, 0x00000000f1f80000, 0x0000000100000000)
  eden space 47104K, 0% used [0x00000000eaa80000,0x00000000eaa80000,0x00000000ed880000)
  from space 3584K, 99% used [0x00000000ed880000,0x00000000edbfd5b0,0x00000000edc00000)
  to   space 12800K, 0% used [0x00000000f1300000,0x00000000f1300000,0x00000000f1f80000)
 ParOldGen       total 61440K, used 24537K [0x00000000c0000000, 0x00000000c3c00000, 0x00000000eaa80000)
  object space 61440K, 39% used [0x00000000c0000000,0x00000000c17f6778,0x00000000c3c00000)
 PSPermGen       total 21504K, used 7226K [0x00000000b5a00000, 0x00000000b6f00000, 0x00000000c0000000)
  object space 21504K, 33% used [0x00000000b5a00000,0x00000000b610ea00,0x00000000b6f00000)
}
Event: 5.005 GC heap before
{Heap before GC invocations=6 (full 0):
 PSYoungGen      total 50688K, used 49790K [0x00000000eaa80000, 0x00000000f1f80000, 0x0000000100000000)
  eden space 47104K, 98% used [0x00000000eaa80000,0x00000000ed7a2608,0x00000000ed880000)
  from space 3584K, 99% used [0x00000000ed880000,0x00000000edbfd5b0,0x00000000edc00000)
  to   space 12800K, 0% used [0x00000000f1300000,0x00000000f1300000,0x00000000f1f80000)
 ParOldGen       total 61440K, used 24537K [0x00000000c0000000, 0x00000000c3c00000, 0x00000000eaa80000)
  object space 61440K, 39% used [0x00000000c0000000,0x00000000c17f6778,0x00000000c3c00000)
 PSPermGen       total 21504K, used 7330K [0x00000000b5a00000, 0x00000000b6f00000, 0x00000000c0000000)
  object space 21504K, 34% used [0x00000000b5a00000,0x00000000b6128bf0,0x00000000b6f00000)
Event: 5.018 GC heap after
Heap after GC invocations=6 (full 0):
 PSYoungGen      total 107008K, used 5343K [0x00000000eaa80000, 0x00000000f1f80000, 0x0000000100000000)
  eden space 94208K, 0% used [0x00000000eaa80000,0x00000000eaa80000,0x00000000f0680000)
  from space 12800K, 41% used [0x00000000f1300000,0x00000000f1837dd0,0x00000000f1f80000)
  to   space 12800K, 0% used [0x00000000f0680000,0x00000000f0680000,0x00000000f1300000)
 ParOldGen       total 61440K, used 24537K [0x00000000c0000000, 0x00000000c3c00000, 0x00000000eaa80000)
  object space 61440K, 39% used [0x00000000c0000000,0x00000000c17f6778,0x00000000c3c00000)
 PSPermGen       total 21504K, used 7330K [0x00000000b5a00000, 0x00000000b6f00000, 0x00000000c0000000)
  object space 21504K, 34% used [0x00000000b5a00000,0x00000000b6128bf0,0x00000000b6f00000)
}
Event: 5.370 GC heap before
{Heap before GC invocations=7 (full 0):
 PSYoungGen      total 107008K, used 98753K [0x00000000eaa80000, 0x00000000f1f80000, 0x0000000100000000)
  eden space 94208K, 99% used [0x00000000eaa80000,0x00000000f05b88b0,0x00000000f0680000)
  from space 12800K, 41% used [0x00000000f1300000,0x00000000f1837dd0,0x00000000f1f80000)
  to   space 12800K, 0% used [0x00000000f0680000,0x00000000f0680000,0x00000000f1300000)
 ParOldGen       total 61440K, used 24537K [0x00000000c0000000, 0x00000000c3c00000, 0x00000000eaa80000)
  object space 61440K, 39% used [0x00000000c0000000,0x00000000c17f6778,0x00000000c3c00000)
 PSPermGen       total 21504K, used 7339K [0x00000000b5a00000, 0x00000000b6f00000, 0x00000000c0000000)
  object space 21504K, 34% used [0x00000000b5a00000,0x00000000b612af70,0x00000000b6f00000)
Event: 5.379 GC heap after
Heap after GC invocations=7 (full 0):
 PSYoungGen      total 107008K, used 6086K [0x00000000eaa80000, 0x00000000f7b80000, 0x0000000100000000)
  eden space 94208K, 0% used [0x00000000eaa80000,0x00000000eaa80000,0x00000000f0680000)
  from space 12800K, 47% used [0x00000000f0680000,0x00000000f0c71a78,0x00000000f1300000)
  to   space 12800K, 0% used [0x00000000f6f00000,0x00000000f6f00000,0x00000000f7b80000)
 ParOldGen       total 61440K, used 26813K [0x00000000c0000000, 0x00000000c3c00000, 0x00000000eaa80000)
  object space 61440K, 43% used [0x00000000c0000000,0x00000000c1a2f6c0,0x00000000c3c00000)
 PSPermGen       total 21504K, used 7339K [0x00000000b5a00000, 0x00000000b6f00000, 0x00000000c0000000)
  object space 21504K, 34% used [0x00000000b5a00000,0x00000000b612af70,0x00000000b6f00000)
}
Event: 5.597 GC heap before
{Heap before GC invocations=8 (full 0):
 PSYoungGen      total 107008K, used 100294K [0x00000000eaa80000, 0x00000000f7b80000, 0x0000000100000000)
  eden space 94208K, 100% used [0x00000000eaa80000,0x00000000f0680000,0x00000000f0680000)
  from space 12800K, 47% used [0x00000000f0680000,0x00000000f0c71a78,0x00000000f1300000)
  to   space 12800K, 0% used [0x00000000f6f00000,0x00000000f6f00000,0x00000000f7b80000)
 ParOldGen       total 61440K, used 26813K [0x00000000c0000000, 0x00000000c3c00000, 0x00000000eaa80000)
  object space 61440K, 43% used [0x00000000c0000000,0x00000000c1a2f6c0,0x00000000c3c00000)
 PSPermGen       total 21504K, used 7347K [0x00000000b5a00000, 0x00000000b6f00000, 0x00000000c0000000)
  object space 21504K, 34% used [0x00000000b5a00000,0x00000000b612ce28,0x00000000b6f00000)
Event: 5.604 GC heap after
Heap after GC invocations=8 (full 0):
 PSYoungGen      total 200192K, used 12206K [0x00000000eaa80000, 0x00000000f7d80000, 0x0000000100000000)
  eden space 187392K, 0% used [0x00000000eaa80000,0x00000000eaa80000,0x00000000f6180000)
  from space 12800K, 95% used [0x00000000f6f00000,0x00000000f7aeba18,0x00000000f7b80000)
  to   space 13824K, 0% used [0x00000000f6180000,0x00000000f6180000,0x00000000f6f00000)
 ParOldGen       total 61440K, used 28024K [0x00000000c0000000, 0x00000000c3c00000, 0x00000000eaa80000)
  object space 61440K, 45% used [0x00000000c0000000,0x00000000c1b5e0b0,0x00000000c3c00000)
 PSPermGen       total 21504K, used 7347K [0x00000000b5a00000, 0x00000000b6f00000, 0x00000000c0000000)
  object space 21504K, 34% used [0x00000000b5a00000,0x00000000b612ce28,0x00000000b6f00000)
}
Event: 5.971 GC heap before
{Heap before GC invocations=9 (full 0):
 PSYoungGen      total 200192K, used 199598K [0x00000000eaa80000, 0x00000000f7d80000, 0x0000000100000000)
  eden space 187392K, 100% used [0x00000000eaa80000,0x00000000f6180000,0x00000000f6180000)
  from space 12800K, 95% used [0x00000000f6f00000,0x00000000f7aeba18,0x00000000f7b80000)
  to   space 13824K, 0% used [0x00000000f6180000,0x00000000f6180000,0x00000000f6f00000)
 ParOldGen       total 61440K, used 28024K [0x00000000c0000000, 0x00000000c3c00000, 0x00000000eaa80000)
  object space 61440K, 45% used [0x00000000c0000000,0x00000000c1b5e0b0,0x00000000c3c00000)
 PSPermGen       total 21504K, used 7349K [0x00000000b5a00000, 0x00000000b6f00000, 0x00000000c0000000)
  object space 21504K, 34% used [0x00000000b5a00000,0x00000000b612d5f0,0x00000000b6f00000)

